{
  "C:\\Users\\Arjuna Satria\\Desktop\\Project\\Test Kerjaan\\PT EIGEN TRI MATHEMA\\backend\\Source\\Controllers\\MemberControllers.js": {
    "path": "C:\\Users\\Arjuna Satria\\Desktop\\Project\\Test Kerjaan\\PT EIGEN TRI MATHEMA\\backend\\Source\\Controllers\\MemberControllers.js",
    "statementMap": {
      "0": {
        "start": { "line": 4, "column": 28 },
        "end": { "line": 13, "column": 1 }
      },
      "1": {
        "start": { "line": 5, "column": 2 },
        "end": { "line": 12, "column": 3 }
      },
      "2": {
        "start": { "line": 6, "column": 21 },
        "end": { "line": 8, "column": 6 }
      },
      "3": {
        "start": { "line": 9, "column": 4 },
        "end": { "line": 9, "column": 35 }
      },
      "4": {
        "start": { "line": 11, "column": 4 },
        "end": { "line": 11, "column": 49 }
      },
      "5": {
        "start": { "line": 16, "column": 31 },
        "end": { "line": 27, "column": 1 }
      },
      "6": {
        "start": { "line": 17, "column": 2 },
        "end": { "line": 26, "column": 3 }
      },
      "7": {
        "start": { "line": 18, "column": 17 },
        "end": { "line": 18, "column": 32 }
      },
      "8": {
        "start": { "line": 19, "column": 19 },
        "end": { "line": 19, "column": 66 }
      },
      "9": {
        "start": { "line": 20, "column": 4 },
        "end": { "line": 22, "column": 5 }
      },
      "10": {
        "start": { "line": 21, "column": 6 },
        "end": { "line": 21, "column": 63 }
      },
      "11": {
        "start": { "line": 23, "column": 4 },
        "end": { "line": 23, "column": 33 }
      },
      "12": {
        "start": { "line": 25, "column": 4 },
        "end": { "line": 25, "column": 49 }
      },
      "13": {
        "start": { "line": 30, "column": 28 },
        "end": { "line": 48, "column": 1 }
      },
      "14": {
        "start": { "line": 31, "column": 25 },
        "end": { "line": 31, "column": 33 }
      },
      "15": {
        "start": { "line": 32, "column": 2 },
        "end": { "line": 34, "column": 3 }
      },
      "16": {
        "start": { "line": 33, "column": 4 },
        "end": { "line": 33, "column": 71 }
      },
      "17": {
        "start": { "line": 35, "column": 2 },
        "end": { "line": 47, "column": 3 }
      },
      "18": {
        "start": { "line": 36, "column": 27 },
        "end": { "line": 36, "column": 74 }
      },
      "19": {
        "start": { "line": 37, "column": 4 },
        "end": { "line": 39, "column": 5 }
      },
      "20": {
        "start": { "line": 38, "column": 6 },
        "end": { "line": 38, "column": 68 }
      },
      "21": {
        "start": { "line": 40, "column": 4 },
        "end": { "line": 43, "column": 7 }
      },
      "22": {
        "start": { "line": 44, "column": 4 },
        "end": { "line": 44, "column": 52 }
      },
      "23": {
        "start": { "line": 46, "column": 4 },
        "end": { "line": 46, "column": 49 }
      },
      "24": {
        "start": { "line": 50, "column": 28 },
        "end": { "line": 67, "column": 1 }
      },
      "25": {
        "start": { "line": 51, "column": 17 },
        "end": { "line": 55, "column": 4 }
      },
      "26": {
        "start": { "line": 56, "column": 2 },
        "end": { "line": 56, "column": 72 }
      },
      "27": {
        "start": { "line": 56, "column": 15 },
        "end": { "line": 56, "column": 72 }
      },
      "28": {
        "start": { "line": 57, "column": 2 },
        "end": { "line": 66, "column": 3 }
      },
      "29": {
        "start": { "line": 58, "column": 4 },
        "end": { "line": 62, "column": 7 }
      },
      "30": {
        "start": { "line": 63, "column": 4 },
        "end": { "line": 63, "column": 52 }
      },
      "31": {
        "start": { "line": 65, "column": 4 },
        "end": { "line": 65, "column": 49 }
      }
    },
    "fnMap": {
      "0": {
        "name": "(anonymous_0)",
        "decl": {
          "start": { "line": 4, "column": 28 },
          "end": { "line": 4, "column": 29 }
        },
        "loc": {
          "start": { "line": 4, "column": 48 },
          "end": { "line": 13, "column": 1 }
        },
        "line": 4
      },
      "1": {
        "name": "(anonymous_1)",
        "decl": {
          "start": { "line": 16, "column": 31 },
          "end": { "line": 16, "column": 32 }
        },
        "loc": {
          "start": { "line": 16, "column": 51 },
          "end": { "line": 27, "column": 1 }
        },
        "line": 16
      },
      "2": {
        "name": "(anonymous_2)",
        "decl": {
          "start": { "line": 30, "column": 28 },
          "end": { "line": 30, "column": 29 }
        },
        "loc": {
          "start": { "line": 30, "column": 48 },
          "end": { "line": 48, "column": 1 }
        },
        "line": 30
      },
      "3": {
        "name": "(anonymous_3)",
        "decl": {
          "start": { "line": 50, "column": 28 },
          "end": { "line": 50, "column": 29 }
        },
        "loc": {
          "start": { "line": 50, "column": 48 },
          "end": { "line": 67, "column": 1 }
        },
        "line": 50
      }
    },
    "branchMap": {
      "0": {
        "loc": {
          "start": { "line": 20, "column": 4 },
          "end": { "line": 22, "column": 5 }
        },
        "type": "if",
        "locations": [
          {
            "start": { "line": 20, "column": 4 },
            "end": { "line": 22, "column": 5 }
          },
          { "start": {}, "end": {} }
        ],
        "line": 20
      },
      "1": {
        "loc": {
          "start": { "line": 32, "column": 2 },
          "end": { "line": 34, "column": 3 }
        },
        "type": "if",
        "locations": [
          {
            "start": { "line": 32, "column": 2 },
            "end": { "line": 34, "column": 3 }
          },
          { "start": {}, "end": {} }
        ],
        "line": 32
      },
      "2": {
        "loc": {
          "start": { "line": 32, "column": 6 },
          "end": { "line": 32, "column": 20 }
        },
        "type": "binary-expr",
        "locations": [
          {
            "start": { "line": 32, "column": 6 },
            "end": { "line": 32, "column": 11 }
          },
          {
            "start": { "line": 32, "column": 15 },
            "end": { "line": 32, "column": 20 }
          }
        ],
        "line": 32
      },
      "3": {
        "loc": {
          "start": { "line": 37, "column": 4 },
          "end": { "line": 39, "column": 5 }
        },
        "type": "if",
        "locations": [
          {
            "start": { "line": 37, "column": 4 },
            "end": { "line": 39, "column": 5 }
          },
          { "start": {}, "end": {} }
        ],
        "line": 37
      },
      "4": {
        "loc": {
          "start": { "line": 56, "column": 2 },
          "end": { "line": 56, "column": 72 }
        },
        "type": "if",
        "locations": [
          {
            "start": { "line": 56, "column": 2 },
            "end": { "line": 56, "column": 72 }
          },
          { "start": {}, "end": {} }
        ],
        "line": 56
      }
    },
    "s": {
      "0": 1,
      "1": 2,
      "2": 2,
      "3": 1,
      "4": 1,
      "5": 1,
      "6": 3,
      "7": 3,
      "8": 3,
      "9": 2,
      "10": 1,
      "11": 1,
      "12": 1,
      "13": 1,
      "14": 4,
      "15": 4,
      "16": 1,
      "17": 3,
      "18": 3,
      "19": 2,
      "20": 1,
      "21": 1,
      "22": 1,
      "23": 1,
      "24": 1,
      "25": 3,
      "26": 3,
      "27": 1,
      "28": 2,
      "29": 2,
      "30": 1,
      "31": 1
    },
    "f": { "0": 2, "1": 3, "2": 4, "3": 3 },
    "b": { "0": [1, 1], "1": [1, 3], "2": [4, 4], "3": [1, 1], "4": [1, 2] },
    "_coverageSchema": "1a1c01bbd47fc00a2c39e90264f33305004495a9",
    "hash": "6f9439f50801d836cfda457aa289cba3c35cc267"
  }
}
