TN:
SF:Source\Controllers\MemberControllers.js
FN:4,(anonymous_0)
FN:16,(anonymous_1)
FN:30,(anonymous_2)
FN:50,(anonymous_3)
FNF:4
FNH:4
FNDA:2,(anonymous_0)
FNDA:3,(anonymous_1)
FNDA:4,(anonymous_2)
FNDA:3,(anonymous_3)
DA:4,1
DA:5,2
DA:6,2
DA:9,1
DA:11,1
DA:16,1
DA:17,3
DA:18,3
DA:19,3
DA:20,2
DA:21,1
DA:23,1
DA:25,1
DA:30,1
DA:31,4
DA:32,4
DA:33,1
DA:35,3
DA:36,3
DA:37,2
DA:38,1
DA:40,1
DA:44,1
DA:46,1
DA:50,1
DA:51,3
DA:56,3
DA:57,2
DA:58,2
DA:63,1
DA:65,1
LF:31
LH:31
BRDA:20,0,0,1
BRDA:20,0,1,1
BRDA:32,1,0,1
BRDA:32,1,1,3
BRDA:32,2,0,4
BRDA:32,2,1,4
BRDA:37,3,0,1
BRDA:37,3,1,1
BRDA:56,4,0,1
BRDA:56,4,1,2
BRF:10
BRH:10
end_of_record
